Job id: 29669871
Allocated node: cpu-e-25
Mon  5 Oct 19:40:10 BST 2020

Job name: s01_make_vcf

Initial working folder:
/rds/project/erf33/rds-erf33-medgen/users/alexey/wecare/reanalysis_wo_danish_2020/scripts/s05_pca

 ------------------ Job progress ------------------ 

Started s01_make_vcf
Mon  5 Oct 19:40:10 BST 2020

Counts in the source vcf file
Number of samples: 710
Number of SNPs:    327060
Number of INDELs:  16764
Number of MNPs:    0
Number of others:  0
Number of sites:   343824

Selecting wecare samples ...

Counts in the vcf file after samples filtering
(non-polymorphic sites are preserved with dot in ALT allele)
Number of samples: 336
Number of SNPs:    230680
Number of INDELs:  14012
Number of MNPs:    0
Number of others:  0
Number of sites:   343824

Done
Mon  5 Oct 19:44:20 BST 2020

